-------------------------------------------------------------------------------
Test set: com.imagecapture.steps.ApiTestSuite
-------------------------------------------------------------------------------
Tests run: 15, Failures: 1, Errors: 0, Skipped: 0, Time elapsed: 5.971 sec <<< FAILURE! - in com.imagecapture.steps.ApiTestSuite
Then I am seeing image with type jpg(com.imagecapture.steps.GetImageSteps)  Time elapsed: 0.007 sec  <<< FAILURE!
org.junit.ComparisonFailure: Expected typejpg but got jpeg expected:<jp[]g> but was:<jp[e]g>
	at org.junit.Assert.assertEquals(Assert.java:115)
	at com.imagecapture.steps.GetImageSteps.checkingTypeOfTheImage(GetImageSteps.java:69)

