<?xml version="1.0" encoding="UTF-8"?>
<testsuite name="com.imagecapture.steps.ApiTestSuite" time="1.773" tests="15" errors="1" skipped="1" failures="0">
  <properties>
[...]
</properties>
  <testcase name="BeforeStories" classname="java.lang.Object" time="0.018"/>
  <testcase name="Given Existing Image in DB with name second and source url https://vignette2.wikia.nocookie.net/southpark/images/c/cd/Naked_Cartman_o.o.png" classname="com.imagecapture.steps.GetImageSteps" time="0.606"/>
  <testcase name="When I am getting image with name second" classname="com.imagecapture.steps.GetImageSteps" time="0.023"/>
  <testcase name="Then I am seeing image with name second" classname="com.imagecapture.steps.GetImageSteps" time="0.004"/>
  <testcase name="Scenario: Get second Image" classname="Scenario: Get second Image" time="0.01"/>
  <testcase name="get_second_image.story" classname="get_second_image.story" time="0.04"/>
  <testcase name="Given Existing Image in DB with name first and source url https://vignette2.wikia.nocookie.net/southpark/images/c/cd/Naked_Cartman_o.o.png" classname="com.imagecapture.steps.GetImageSteps" time="0.015"/>
  <testcase name="When I am sending image with name first to convert to type jpg" classname="com.imagecapture.steps.GetImageSteps" time="1.012">
    <error message="I/O error on POST request for &quot;http://localhost:8081/convert-image&quot;: Connection refused: connect; nested exception is java.net.ConnectException: Connection refused: connect" type="org.springframework.web.client.ResourceAccessException"><![CDATA[org.springframework.web.client.ResourceAccessException: I/O error on POST request for "http://localhost:8081/convert-image": Connection refused: connect; nested exception is java.net.ConnectException: Connection refused: connect
	at java.net.DualStackPlainSocketImpl.connect0(Native Method)
	at java.net.DualStackPlainSocketImpl.socketConnect(DualStackPlainSocketImpl.java:79)
	at java.net.AbstractPlainSocketImpl.doConnect(AbstractPlainSocketImpl.java:350)
	at java.net.AbstractPlainSocketImpl.connectToAddress(AbstractPlainSocketImpl.java:206)
	at java.net.AbstractPlainSocketImpl.connect(AbstractPlainSocketImpl.java:188)
	at java.net.PlainSocketImpl.connect(PlainSocketImpl.java:172)
	at java.net.SocksSocketImpl.connect(SocksSocketImpl.java:392)
	at java.net.Socket.connect(Socket.java:589)
	at java.net.Socket.connect(Socket.java:538)
	at sun.net.NetworkClient.doConnect(NetworkClient.java:180)
	at sun.net.www.http.HttpClient.openServer(HttpClient.java:432)
	at sun.net.www.http.HttpClient.openServer(HttpClient.java:527)
	at sun.net.www.http.HttpClient.<init>(HttpClient.java:211)
	at sun.net.www.http.HttpClient.New(HttpClient.java:308)
	at sun.net.www.http.HttpClient.New(HttpClient.java:326)
	at sun.net.www.protocol.http.HttpURLConnection.getNewHttpClient(HttpURLConnection.java:1202)
	at sun.net.www.protocol.http.HttpURLConnection.plainConnect0(HttpURLConnection.java:1138)
	at sun.net.www.protocol.http.HttpURLConnection.plainConnect(HttpURLConnection.java:1032)
	at sun.net.www.protocol.http.HttpURLConnection.connect(HttpURLConnection.java:966)
	at org.springframework.http.client.SimpleBufferingClientHttpRequest.executeInternal(SimpleBufferingClientHttpRequest.java:78)
	at org.springframework.http.client.AbstractBufferingClientHttpRequest.executeInternal(AbstractBufferingClientHttpRequest.java:48)
	at org.springframework.http.client.AbstractClientHttpRequest.execute(AbstractClientHttpRequest.java:53)
	at org.springframework.web.client.RestTemplate.doExecute(RestTemplate.java:633)
	at org.springframework.web.client.RestTemplate.execute(RestTemplate.java:594)
	at org.springframework.web.client.RestTemplate.postForObject(RestTemplate.java:394)
	at com.imagecapture.steps.GetImageSteps.convertImage(GetImageSteps.java:62)
]]></error>
    <system-out><![CDATA[Given Existing Image in DB with name first and source url https://vignette2.wikia.nocookie.net/southpark/images/c/cd/Naked_Cartman_o.o.png
]]></system-out>
  </testcase>
  <testcase name="Then I am seeing image with type jpg" classname="com.imagecapture.steps.GetImageSteps" time="0">
    <skipped/>
    <system-out><![CDATA[When I am sending image with name first to convert to type jpg (FAILED)
(org.springframework.web.client.ResourceAccessException: I/O error on POST request for "http://localhost:8081/convert-image": Connection refused: connect; nested exception is java.net.ConnectException: Connection refused: connect)
]]></system-out>
  </testcase>
  <testcase name="Given Existing Image in DB with name first and source url https://vignette2.wikia.nocookie.net/southpark/images/c/cd/Naked_Cartman_o.o.png​" classname="com.imagecapture.steps.GetImageSteps" time="0.013"/>
  <testcase name="When I am getting image with name first" classname="com.imagecapture.steps.GetImageSteps" time="0.005"/>
  <testcase name="Then I am seeing image with name first" classname="com.imagecapture.steps.GetImageSteps" time="0.002"/>
  <testcase name="Scenario: Get first Image" classname="Scenario: Get first Image" time="0.004"/>
  <testcase name="get_image.story" classname="get_image.story" time="0.013"/>
  <testcase name="AfterStories" classname="java.lang.Object" time="0.008"/>
</testsuite>