<?xml version="1.0" encoding="UTF-8"?>
<testsuite name="com.imageconverter.steps.ApiTestSuite" time="1.444" tests="5" errors="1" skipped="2" failures="0">
  <properties>
[...]
</properties>
  <testcase name="BeforeStories" classname="java.lang.Object" time="0.015"/>
  <testcase name="Given getting image to convert with id 0" classname="com.imageconverter.steps.ImageConverterSteps" time="1.428">
    <error message="I/O error on GET request for &quot;http://localhost:8080/get-by-id&quot;: Connection refused: connect; nested exception is java.net.ConnectException: Connection refused: connect" type="org.springframework.web.client.ResourceAccessException"><![CDATA[org.springframework.web.client.ResourceAccessException: I/O error on GET request for "http://localhost:8080/get-by-id": Connection refused: connect; nested exception is java.net.ConnectException: Connection refused: connect
	at java.net.DualStackPlainSocketImpl.connect0(Native Method)
	at java.net.DualStackPlainSocketImpl.socketConnect(DualStackPlainSocketImpl.java:79)
	at java.net.AbstractPlainSocketImpl.doConnect(AbstractPlainSocketImpl.java:350)
	at java.net.AbstractPlainSocketImpl.connectToAddress(AbstractPlainSocketImpl.java:206)
	at java.net.AbstractPlainSocketImpl.connect(AbstractPlainSocketImpl.java:188)
	at java.net.PlainSocketImpl.connect(PlainSocketImpl.java:172)
	at java.net.SocksSocketImpl.connect(SocksSocketImpl.java:392)
	at java.net.Socket.connect(Socket.java:589)
	at java.net.Socket.connect(Socket.java:538)
	at sun.net.NetworkClient.doConnect(NetworkClient.java:180)
	at sun.net.www.http.HttpClient.openServer(HttpClient.java:432)
	at sun.net.www.http.HttpClient.openServer(HttpClient.java:527)
	at sun.net.www.http.HttpClient.<init>(HttpClient.java:211)
	at sun.net.www.http.HttpClient.New(HttpClient.java:308)
	at sun.net.www.http.HttpClient.New(HttpClient.java:326)
	at sun.net.www.protocol.http.HttpURLConnection.getNewHttpClient(HttpURLConnection.java:1202)
	at sun.net.www.protocol.http.HttpURLConnection.plainConnect0(HttpURLConnection.java:1138)
	at sun.net.www.protocol.http.HttpURLConnection.plainConnect(HttpURLConnection.java:1032)
	at sun.net.www.protocol.http.HttpURLConnection.connect(HttpURLConnection.java:966)
	at org.springframework.http.client.SimpleBufferingClientHttpRequest.executeInternal(SimpleBufferingClientHttpRequest.java:78)
	at org.springframework.http.client.AbstractBufferingClientHttpRequest.executeInternal(AbstractBufferingClientHttpRequest.java:48)
	at org.springframework.http.client.AbstractClientHttpRequest.execute(AbstractClientHttpRequest.java:53)
	at org.springframework.web.client.RestTemplate.doExecute(RestTemplate.java:633)
	at org.springframework.web.client.RestTemplate.execute(RestTemplate.java:594)
	at org.springframework.web.client.RestTemplate.getForObject(RestTemplate.java:301)
	at com.imageconverter.steps.ImageConverterSteps.gettingImageToConvert(ImageConverterSteps.java:25)
]]></error>
    <system-out><![CDATA[
Running story image_converter.story
Before storyimage_converter.story

(image_converter.story)
Narrative:
As a user
I want to perform an action
So that I can achieve a business goal
Scenario: scenario description
]]></system-out>
    <system-err><![CDATA[1055 [pool-1-thread-1] INFO net.thucydides.core.Thucydides - 

-------------------------------------------------------------------------------------------------------
.___________. __    __   __    __    ______ ____    ____  _______   __   _______   _______     _______.
|           ||  |  |  | |  |  |  |  /      |\   \  /   / |       \ |  | |       \ |   ____|   /       |
`---|  |----`|  |__|  | |  |  |  | |  ,----' \   \/   /  |  .--.  ||  | |  .--.  ||  |__     |   (----`
    |  |     |   __   | |  |  |  | |  |       \_    _/   |  |  |  ||  | |  |  |  ||   __|     \   \    
    |  |     |  |  |  | |  `--'  | |  `----.    |  |     |  '--'  ||  | |  '--'  ||  |____.----)   |   
    |__|     |__|  |__|  \______/   \______|    |__|     |_______/ |__| |_______/ |_______|_______/    
                                                                                                       
-------------------------------------------------------------------------------------------------------

1058 [pool-1-thread-1] INFO net.thucydides.core.Thucydides - Test Suite Started: Image converter
1102 [pool-1-thread-1] INFO net.thucydides.core.Thucydides - 
  _____ _____ ____ _____   ____ _____  _    ____ _____ _____ ____  
 |_   _| ____/ ___|_   _| / ___|_   _|/ \  |  _ \_   _| ____|  _ \ 
   | | |  _| \___ \ | |   \___ \ | | / _ \ | |_) || | |  _| | | | |
   | | | |___ ___) || |    ___) || |/ ___ \|  _ < | | | |___| |_| |
   |_| |_____|____/ |_|   |____/ |_/_/   \_\_| \_\|_| |_____|____/ 
                                                                   

TEST STARTED: scenario description
--------------------------------------------------------------------
log4j:WARN No appenders could be found for logger (org.springframework.web.client.RestTemplate).
log4j:WARN Please initialize the log4j system properly.
]]></system-err>
  </testcase>
  <testcase name="When I am converting image to type jpg" classname="com.imageconverter.steps.ImageConverterSteps" time="0">
    <skipped/>
    <system-out><![CDATA[Given getting image to convert with id 0 (FAILED)
(org.springframework.web.client.ResourceAccessException: I/O error on GET request for "http://localhost:8080/get-by-id": Connection refused: connect; nested exception is java.net.ConnectException: Connection refused: connect)
]]></system-out>
  </testcase>
  <testcase name="Then I am seeing image with type jpg" classname="com.imageconverter.steps.ImageConverterSteps" time="0">
    <skipped/>
    <system-out><![CDATA[When I am converting image to type jpg (NOT PERFORMED)
]]></system-out>
  </testcase>
  <testcase name="AfterStories" classname="java.lang.Object" time="0.001"/>
</testsuite>