<?xml version="1.0" encoding="UTF-8"?>
<testsuite name="com.imageconverter.steps.ApiTestSuite" time="0.461" tests="7" errors="0" skipped="0" failures="0">
  <properties>
[...]
</properties>
  <testcase name="BeforeStories" classname="java.lang.Object" time="0.019"/>
  <testcase name="Given getting image to convert with id 0" classname="com.imageconverter.steps.ImageConverterSteps" time="0.411"/>
  <testcase name="When I am converting image to type jpg" classname="com.imageconverter.steps.ImageConverterSteps" time="0.002"/>
  <testcase name="Then I am seeing image with type jpg" classname="com.imageconverter.steps.ImageConverterSteps" time="0.002"/>
  <testcase name="Scenario: scenario description" classname="Scenario: scenario description" time="0.006"/>
  <testcase name="image_converter.story" classname="image_converter.story" time="0.021"/>
  <testcase name="AfterStories" classname="java.lang.Object" time="0"/>
</testsuite>